<?xml version="1.0" encoding="UTF-8"?>
<!-- Generated by org.testng.reporters.JUnitXMLReporter -->
<testsuite ignored="2" hostname="DESKTOP-JCSH58D" failures="0" tests="1" name="Default test" time="6.954" errors="0" timestamp="2024-06-15T13:28:24 IST">
  <testcase classname="day1.PostRequest" name="postJsonFile" time="6.763"/>
  <testcase classname="day1.PostRequest" name="postJson" time="0.0">
    <ignored/>
  </testcase> <!-- postJson -->
  <testcase classname="day1.PostRequest" name="postPojo" time="0.0">
    <ignored/>
  </testcase> <!-- postPojo -->
</testsuite> <!-- Default test -->
