<?xml version="1.0" encoding="UTF-8"?>
<testng-results ignored="0" total="1" passed="1" failed="0" skipped="0">
  <reporter-output>
  </reporter-output>
  <suite started-at="2024-06-15T13:28:17 IST" name="Default suite" finished-at="2024-06-15T13:28:24 IST" duration-ms="6954">
    <groups>
    </groups>
    <test started-at="2024-06-15T13:28:17 IST" name="Default test" finished-at="2024-06-15T13:28:24 IST" duration-ms="6954">
      <class name="day1.PostRequest">
        <test-method signature="postJsonFile()[pri:0, instance:day1.PostRequest@67d48005]" started-at="2024-06-15T13:28:17 IST" name="postJsonFile" finished-at="2024-06-15T13:28:24 IST" duration-ms="6763" status="PASS">
          <reporter-output>
          </reporter-output>
        </test-method> <!-- postJsonFile -->
      </class> <!-- day1.PostRequest -->
    </test> <!-- Default test -->
  </suite> <!-- Default suite -->
</testng-results>
